SF:lib/core/auth/bloc/auth_event.dart
DA:10,5
DA:20,1
LF:2
LH:2
end_of_record
SF:lib/core/auth/bloc/auth_bloc_singleton.dart
DA:13,10
DA:15,10
DA:20,10
DA:21,10
DA:25,30
DA:26,20
DA:27,20
DA:28,20
DA:29,20
DA:39,5
DA:43,10
DA:44,5
DA:50,5
DA:55,10
DA:56,0
DA:59,15
DA:60,5
DA:66,4
DA:70,8
DA:71,8
DA:72,4
DA:78,1
DA:82,2
DA:83,3
DA:86,7
DA:89,7
LF:26
LH:25
end_of_record
SF:lib/core/auth/bloc/auth_state.dart
DA:7,2
DA:8,2
DA:12,1
DA:13,1
DA:19,7
DA:23,1
DA:24,1
DA:25,1
LF:8
LH:8
end_of_record
SF:lib/layer/data/repository_impl/user_repository_mock_impl.dart
DA:12,10
DA:18,4
DA:20,4
DA:22,8
DA:25,4
DA:27,4
DA:29,8
DA:32,5
DA:34,15
DA:36,5
DA:37,4
DA:40,10
DA:41,5
DA:42,2
DA:47,4
DA:49,4
DA:51,4
DA:52,4
DA:60,2
DA:65,6
DA:67,2
DA:68,4
DA:71,4
DA:72,2
DA:74,2
DA:76,2
DA:77,2
DA:85,2
DA:91,6
DA:93,2
DA:94,4
DA:97,2
DA:99,2
DA:101,2
DA:102,2
LF:35
LH:35
end_of_record
SF:lib/layer/data/source/local/secure_storage_impl.dart
DA:7,10
DA:11,4
DA:14,8
DA:24,4
DA:27,8
DA:34,5
DA:37,10
LF:7
LH:7
end_of_record
SF:lib/core/constant/app_consts.dart
DA:2,24
LF:1
LH:1
end_of_record
SF:lib/core/usecase/base_stream_usecase.dart
DA:75,24
DA:78,5
DA:79,10
DA:82,15
LF:4
LH:4
end_of_record
SF:lib/layer/data/repository_impl/article_repository_mock_impl.dart
DA:10,9
DA:15,6
DA:23,18
DA:25,6
DA:26,4
DA:29,10
DA:30,6
DA:32,6
DA:33,30
DA:34,6
DA:35,6
DA:36,6
DA:37,12
DA:39,6
DA:40,6
DA:41,6
DA:43,6
DA:44,6
DA:45,6
DA:47,12
DA:49,6
DA:50,6
DA:56,3
DA:58,9
DA:60,3
DA:61,4
DA:64,9
DA:65,3
DA:67,3
DA:68,3
DA:69,3
DA:70,6
DA:72,3
DA:73,3
DA:74,3
DA:75,3
DA:76,3
DA:77,3
DA:78,3
DA:80,6
DA:82,3
DA:83,3
DA:88,5
DA:90,15
DA:92,5
DA:93,12
DA:96,15
DA:97,5
DA:99,5
DA:100,5
DA:101,5
DA:102,10
DA:104,5
DA:105,5
DA:106,5
DA:107,5
DA:108,5
DA:109,5
DA:110,5
DA:114,5
DA:115,15
DA:120,4
DA:122,12
DA:124,4
DA:125,12
DA:128,12
DA:129,4
DA:131,4
DA:132,4
DA:133,4
DA:134,8
DA:136,4
DA:137,4
DA:138,4
DA:139,4
DA:140,4
DA:141,4
DA:142,4
DA:146,4
DA:147,12
LF:80
LH:80
end_of_record
SF:lib/layer/domain/model/base_response_model.dart
DA:8,12
DA:14,0
DA:15,0
DA:16,0
DA:17,0
DA:18,0
LF:6
LH:1
end_of_record
SF:lib/layer/domain/usecase/toggle_favorite.dart
DA:9,8
DA:12,5
DA:17,5
DA:18,5
DA:19,10
DA:21,5
DA:27,15
DA:30,12
DA:32,10
DA:34,3
DA:35,3
DA:36,3
DA:37,3
DA:42,5
LF:14
LH:14
end_of_record
SF:lib/layer/presentation/home/bloc/home_event.dart
DA:10,6
LF:1
LH:1
end_of_record
SF:lib/layer/presentation/home/bloc/home_bloc.dart
DA:14,6
DA:19,12
DA:20,12
DA:21,12
DA:23,12
DA:24,12
DA:27,6
DA:31,6
DA:32,12
DA:33,3
DA:34,3
DA:35,12
DA:36,12
DA:37,3
DA:40,3
DA:41,6
DA:46,6
DA:50,6
DA:51,18
DA:52,6
DA:55,18
DA:57,12
DA:58,12
DA:62,12
DA:63,3
DA:65,1
DA:70,18
DA:71,6
DA:78,18
DA:80,24
DA:81,18
DA:85,1
DA:88,1
LF:33
LH:33
end_of_record
SF:lib/layer/presentation/home/bloc/home_state.dart
DA:11,6
DA:18,6
DA:24,6
DA:30,6
DA:31,3
DA:32,6
DA:33,6
DA:34,6
DA:38,6
DA:39,6
DA:40,6
DA:41,6
DA:42,6
DA:43,6
LF:14
LH:14
end_of_record
SF:lib/core/app_di.dart
DA:15,6
DA:16,6
DA:25,6
DA:26,18
DA:27,12
DA:31,12
DA:32,0
DA:33,0
DA:35,6
DA:36,6
DA:38,12
DA:39,0
DA:40,6
LF:13
LH:10
end_of_record
SF:lib/flavors.dart
DA:11,0
DA:13,6
DA:15,6
DA:17,0
DA:19,0
DA:21,0
LF:6
LH:2
end_of_record
SF:lib/layer/data/repository_impl/article_repository_impl.dart
DA:7,0
DA:15,0
DA:16,0
DA:24,0
DA:25,0
DA:26,0
DA:27,0
DA:28,0
DA:29,0
DA:30,0
DA:34,0
DA:36,0
DA:37,0
DA:41,0
DA:42,0
DA:43,0
DA:44,0
DA:48,0
DA:50,0
DA:51,0
DA:55,0
DA:56,0
DA:57,0
DA:58,0
DA:62,0
DA:64,0
DA:65,0
DA:69,0
DA:70,0
DA:71,0
DA:72,0
LF:31
LH:0
end_of_record
SF:lib/layer/data/repository_impl/user_repository_impl.dart
DA:10,0
DA:14,0
DA:16,0
DA:19,0
DA:21,0
DA:24,0
DA:26,0
DA:27,0
DA:29,0
DA:30,0
DA:31,0
DA:32,0
DA:36,0
DA:41,0
DA:43,0
DA:44,0
DA:45,0
DA:46,0
DA:54,0
DA:55,0
DA:56,0
DA:57,0
DA:61,0
DA:67,0
DA:69,0
DA:70,0
DA:71,0
DA:72,0
DA:81,0
DA:82,0
DA:83,0
DA:84,0
LF:32
LH:0
end_of_record
SF:lib/core/router/app_router.dart
DA:42,6
DA:43,5
DA:47,4
DA:50,12
DA:52,6
DA:57,6
DA:63,6
DA:66,12
DA:68,6
DA:70,6
DA:71,6
DA:72,12
DA:73,6
DA:74,6
DA:76,6
DA:80,6
DA:81,12
DA:82,8
DA:86,5
DA:87,15
DA:89,10
DA:92,0
DA:94,6
DA:95,6
DA:97,8
DA:99,4
DA:100,8
DA:101,8
DA:107,6
DA:109,6
DA:111,3
DA:112,6
DA:113,6
DA:115,3
DA:119,6
DA:121,4
DA:123,2
DA:124,4
DA:125,4
DA:127,2
DA:131,6
DA:133,10
DA:135,5
DA:136,10
DA:137,10
DA:138,5
DA:140,5
DA:143,6
DA:144,6
DA:145,6
DA:147,4
DA:149,2
DA:150,4
DA:151,4
DA:152,4
DA:153,2
DA:154,2
DA:156,2
LF:58
LH:57
end_of_record
SF:lib/core/router/page_transition.dart
DA:5,6
DA:10,6
DA:11,6
DA:12,6
DA:14,6
DA:15,6
LF:6
LH:6
end_of_record
SF:lib/layer/presentation/home/article/[slug]/article_page.dart
DA:10,2
DA:12,2
DA:14,2
DA:15,2
DA:16,2
DA:17,2
DA:18,2
DA:19,2
DA:20,2
DA:21,2
DA:22,2
DA:23,4
DA:24,2
DA:25,2
DA:26,2
DA:28,1
DA:31,2
DA:32,2
DA:34,2
DA:35,2
DA:36,2
DA:38,1
DA:39,1
DA:41,2
DA:42,4
DA:43,0
DA:44,0
DA:45,0
DA:55,2
DA:56,2
DA:58,2
DA:60,2
DA:61,4
DA:62,4
DA:63,4
LF:35
LH:32
end_of_record
SF:lib/layer/presentation/home/article/[slug]/bloc/article_bloc.dart
DA:14,3
DA:21,6
DA:25,6
DA:26,6
DA:28,6
DA:29,6
DA:32,3
DA:36,3
DA:37,6
DA:38,3
DA:39,18
DA:40,6
DA:41,0
DA:42,0
DA:43,0
DA:45,6
DA:46,3
DA:47,6
DA:48,3
DA:51,1
DA:56,3
DA:60,6
DA:62,12
DA:64,6
DA:65,2
DA:66,2
DA:67,1
DA:72,3
DA:73,0
DA:74,0
DA:75,0
DA:80,6
DA:81,6
DA:82,3
DA:86,1
DA:89,1
LF:36
LH:30
end_of_record
SF:lib/layer/presentation/home/home_page.dart
DA:11,5
DA:13,5
DA:15,5
DA:16,5
DA:17,5
DA:18,5
DA:19,5
DA:20,5
DA:21,1
DA:22,3
DA:24,5
DA:28,5
DA:29,5
DA:30,5
DA:31,5
DA:32,5
DA:33,5
DA:34,10
DA:35,10
DA:36,5
DA:37,20
DA:39,1
DA:40,2
DA:44,10
DA:47,5
DA:49,10
DA:51,5
DA:52,5
DA:53,5
DA:54,10
DA:55,0
DA:56,0
DA:57,0
DA:58,0
DA:59,0
DA:60,0
DA:61,0
DA:63,0
DA:68,10
DA:69,5
DA:70,5
DA:72,5
DA:77,1
LF:43
LH:35
end_of_record
SF:lib/layer/presentation/signin/bloc/signin_bloc.dart
DA:16,6
DA:17,6
DA:19,4
DA:22,8
DA:23,8
DA:24,8
DA:26,8
DA:29,4
DA:31,8
DA:32,8
DA:34,4
DA:37,2
DA:42,6
DA:43,4
DA:47,2
DA:50,6
DA:51,4
DA:55,2
DA:59,4
DA:62,4
DA:63,4
DA:64,4
DA:67,4
DA:68,2
DA:70,1
DA:72,2
DA:77,8
DA:78,0
DA:80,0
DA:82,0
DA:87,6
DA:90,1
DA:95,2
DA:96,2
LF:34
LH:31
end_of_record
SF:lib/layer/presentation/signin/signin_page.dart
DA:14,3
DA:16,3
DA:19,3
DA:20,3
DA:21,3
DA:23,3
DA:24,3
DA:25,3
DA:27,3
DA:28,3
DA:29,3
DA:30,3
DA:33,3
DA:35,3
DA:36,3
DA:37,3
DA:38,6
DA:43,3
DA:44,3
DA:46,6
DA:51,9
DA:52,3
DA:53,3
DA:54,1
DA:55,1
DA:57,3
DA:59,3
DA:60,6
DA:69,3
DA:71,3
DA:72,3
DA:74,6
DA:75,1
DA:76,3
LF:34
LH:34
end_of_record
SF:lib/layer/presentation/signup/bloc/signup_bloc.dart
DA:17,4
DA:18,4
DA:19,4
DA:21,3
DA:24,6
DA:25,6
DA:26,6
DA:27,6
DA:29,6
DA:32,3
DA:34,6
DA:35,6
DA:36,6
DA:38,3
DA:41,2
DA:46,6
DA:47,4
DA:51,2
DA:54,6
DA:55,4
DA:59,2
DA:62,6
DA:63,4
DA:67,2
DA:71,4
DA:74,4
DA:75,4
DA:76,4
DA:77,4
DA:80,4
DA:81,2
DA:83,1
DA:85,2
DA:90,8
DA:91,0
DA:93,0
DA:95,0
DA:100,6
DA:103,1
DA:109,2
DA:110,2
DA:111,2
LF:42
LH:39
end_of_record
SF:lib/layer/presentation/signup/signup_page.dart
DA:12,2
DA:14,2
DA:16,2
DA:17,2
DA:18,2
DA:20,2
DA:21,2
DA:22,2
DA:24,2
DA:25,2
DA:26,2
DA:27,2
DA:30,2
DA:32,2
DA:33,2
DA:34,2
DA:36,4
DA:41,2
DA:42,2
DA:43,4
DA:48,2
DA:49,2
DA:51,4
DA:59,2
DA:61,2
DA:62,2
DA:64,4
DA:65,1
DA:66,3
LF:29
LH:29
end_of_record
SF:lib/layer/presentation/splash/bloc/splash_bloc.dart
DA:17,5
DA:20,10
DA:21,10
DA:22,10
DA:23,10
DA:25,10
DA:35,5
DA:39,10
DA:41,10
DA:42,10
DA:43,6
DA:46,8
DA:48,8
DA:54,4
DA:58,8
DA:61,4
DA:63,8
DA:69,4
DA:73,8
DA:75,4
DA:76,0
DA:80,16
LF:22
LH:21
end_of_record
SF:lib/layer/presentation/splash/splash_page.dart
DA:8,12
DA:10,4
DA:12,4
DA:13,4
DA:14,4
DA:15,4
DA:17,4
DA:22,4
DA:23,12
LF:9
LH:9
end_of_record
SF:lib/layer/data/source/network/app_api.dart
DA:19,0
DA:20,0
DA:42,0
DA:46,0
DA:47,0
DA:50,0
DA:51,0
DA:52,0
DA:53,0
DA:56,0
DA:57,0
DA:88,0
DA:94,0
DA:97,0
DA:100,0
DA:101,0
DA:102,0
DA:103,0
DA:104,0
DA:105,0
DA:107,0
DA:111,0
DA:113,0
DA:116,0
DA:117,0
DA:118,0
DA:119,0
DA:123,0
DA:124,0
DA:126,0
DA:133,0
DA:137,0
DA:147,0
DA:150,0
DA:151,0
DA:152,0
DA:153,0
DA:154,0
DA:156,0
DA:160,0
DA:163,0
DA:168,0
DA:169,0
DA:170,0
DA:171,0
DA:172,0
DA:173,0
DA:181,0
DA:182,0
DA:189,0
DA:191,0
DA:192,0
DA:195,0
DA:196,0
DA:202,0
LF:55
LH:0
end_of_record
SF:lib/layer/data/source/network/interceptor/auth_interceptor.dart
DA:9,0
DA:13,0
DA:18,0
DA:20,0
DA:22,0
LF:5
LH:0
end_of_record
SF:lib/util/app_config.dart
DA:15,0
DA:17,0
DA:19,0
DA:21,0
DA:23,0
DA:24,0
DA:26,0
DA:27,0
DA:28,0
DA:30,0
DA:31,0
DA:34,0
DA:37,0
DA:41,0
LF:14
LH:0
end_of_record
SF:lib/layer/presentation/home/article/[slug]/bloc/article_state.dart
DA:7,3
DA:15,3
DA:20,0
DA:21,0
DA:22,0
DA:23,0
DA:30,3
DA:35,3
DA:36,3
DA:37,3
DA:38,3
DA:45,1
DA:50,1
DA:51,1
DA:52,1
DA:53,1
LF:16
LH:12
end_of_record
SF:lib/layer/presentation/home/widget/favorite/favorite_button.dart
DA:11,5
DA:16,5
DA:18,5
DA:19,10
DA:20,5
DA:21,5
DA:23,5
DA:24,10
DA:25,5
DA:26,5
DA:27,2
DA:28,2
DA:29,3
DA:30,1
DA:33,6
DA:34,2
DA:38,5
DA:39,5
DA:40,20
DA:43,5
DA:44,20
LF:21
LH:21
end_of_record
SF:lib/layer/presentation/home/widget/article_card.dart
DA:12,5
DA:18,5
DA:20,10
DA:22,5
DA:24,1
DA:25,1
DA:26,3
DA:27,1
DA:30,5
DA:35,5
DA:36,5
DA:37,5
DA:38,5
DA:40,5
DA:41,5
DA:42,10
DA:43,5
DA:45,15
DA:49,5
DA:50,20
DA:51,5
LF:21
LH:21
end_of_record
SF:lib/layer/presentation/home/widget/favorite/bloc/favorite_event.dart
DA:10,3
DA:16,2
LF:2
LH:2
end_of_record
SF:lib/layer/presentation/home/widget/favorite/bloc/favorite_bloc.dart
DA:14,6
DA:17,6
DA:19,12
DA:20,6
DA:21,6
DA:22,12
DA:23,12
DA:24,12
DA:26,12
DA:29,6
DA:33,6
DA:34,12
DA:35,3
DA:36,10
DA:37,2
DA:39,16
DA:40,9
DA:41,3
DA:42,12
DA:45,2
DA:46,8
DA:53,3
DA:57,9
DA:58,6
DA:59,9
DA:62,2
DA:66,6
DA:67,4
DA:68,6
LF:29
LH:29
end_of_record
SF:lib/layer/presentation/home/widget/favorite/bloc/favorite_state.dart
DA:7,6
DA:11,6
DA:13,3
DA:14,6
DA:18,6
DA:20,3
DA:21,6
LF:7
LH:7
end_of_record
SF:lib/util/app_snackbar.dart
DA:4,5
DA:9,5
DA:11,8
DA:12,2
DA:13,2
DA:14,2
LF:6
LH:6
end_of_record
SF:lib/layer/presentation/signin/bloc/signin_state.dart
DA:8,4
DA:13,2
DA:14,2
DA:15,2
DA:16,2
LF:5
LH:5
end_of_record
SF:lib/widget/app_button.dart
DA:11,4
DA:20,4
DA:22,4
DA:23,4
DA:26,16
DA:28,4
DA:29,8
DA:30,4
DA:32,4
DA:33,8
DA:36,16
DA:37,12
DA:38,4
DA:40,4
DA:42,4
DA:43,2
DA:45,2
DA:46,6
DA:49,4
DA:50,4
DA:51,4
DA:52,4
DA:53,12
LF:23
LH:23
end_of_record
SF:lib/widget/app_text_field.dart
DA:10,4
DA:19,4
DA:21,4
DA:22,4
DA:23,4
DA:24,4
DA:25,4
DA:26,4
DA:27,4
DA:28,4
DA:29,4
DA:30,8
DA:35,0
DA:36,0
LF:14
LH:12
end_of_record
SF:lib/layer/presentation/signup/bloc/signup_state.dart
DA:8,3
DA:13,2
DA:14,2
DA:15,2
DA:16,2
LF:5
LH:5
end_of_record
SF:lib/layer/presentation/splash/bloc/splash_state.dart
DA:8,4
DA:11,0
DA:12,0
DA:16,2
DA:19,1
DA:20,1
DA:24,1
DA:27,1
DA:28,1
DA:32,3
DA:35,1
DA:36,1
LF:12
LH:10
end_of_record
SF:lib/layer/presentation/home/article/[slug]/bloc/article_event.dart
LF:0
LH:0
end_of_record
SF:lib/layer/presentation/signin/bloc/signin_event.dart
LF:0
LH:0
end_of_record
SF:lib/layer/presentation/signup/bloc/signup_event.dart
LF:0
LH:0
end_of_record
SF:lib/layer/presentation/splash/bloc/splash_event.dart
LF:0
LH:0
end_of_record
SF:lib/core/usecase/usecase_provider.dart
DA:10,6
DA:15,6
DA:17,10
DA:20,0
DA:24,0
DA:26,0
DA:31,0
DA:32,0
DA:33,0
DA:34,0
DA:42,0
DA:50,6
LF:12
LH:4
end_of_record
